<?xml version="1.0" encoding="UTF-8" ?>
<testsuite errors="0" failures="0" hostname="user-PC" name="FileDownloadTest" skipped="0" tests="3" time="3.456" timestamp="2013-12-11T11:48:50">
  <properties>
[...]
</properties>
  <testcase classname="FileDownloadTest" name="testLoadUrlFile" time="0.91" />
  <testcase classname="FileDownloadTest" name="testPregUrl" time="0.003" />
  <testcase classname="FileDownloadTest" name="testGetWebHtml" time="2.477" />
  <system-out><![CDATA[start download--->http://api.worldbank.org/v2/zh/indicator/sh.hiv.1524.ma.zs?downloadformat=csv
done====>
Start pregUrl------
------pregUrl down
Reading Web-
----Read finisded
]]></system-out>
  <system-err><![CDATA[]]></system-err>
</testsuite>
