<?xml version="1.0" encoding="UTF-8" ?>
<testsuite errors="0" failures="0" hostname="j9988t-PC" name="FileDownloadTest" tests="3" time="6.616" timestamp="2013-12-10T17:11:46">
  <properties>
[...]
</properties>
  <testcase classname="FileDownloadTest" name="testLoadUrlFile" time="0.603" />
  <testcase classname="FileDownloadTest" name="testPregUrl" time="0.001" />
  <testcase classname="FileDownloadTest" name="testGetWebHtml" time="5.927" />
  <system-out><![CDATA[start download--->http://api.worldbank.org/v2/zh/indicator/sh.hiv.1524.ma.zs?downloadformat=csv
error when reading file
Start pregUrl------
------pregUrl down
Reading Web-
----Read finisded
]]></system-out>
  <system-err><![CDATA[java.io.FileNotFoundException: CSV\hiv.zip (系統找不到指定的路徑。)
	at java.io.FileOutputStream.open(Native Method)
	at java.io.FileOutputStream.<init>(FileOutputStream.java:221)
	at java.io.FileOutputStream.<init>(FileOutputStream.java:110)
	at FileDownload.loadUrlFile(Unknown Source)
	at FileDownloadTest.testLoadUrlFile(Unknown Source)
	at sun.reflect.NativeMethodAccessorImpl.invoke0(Native Method)
	at sun.reflect.NativeMethodAccessorImpl.invoke(NativeMethodAccessorImpl.java:57)
	at sun.reflect.DelegatingMethodAccessorImpl.invoke(DelegatingMethodAccessorImpl.java:43)
	at java.lang.reflect.Method.invoke(Method.java:606)
	at org.junit.runners.model.FrameworkMethod$1.runReflectiveCall(FrameworkMethod.java:47)
	at org.junit.internal.runners.model.ReflectiveCallable.run(ReflectiveCallable.java:12)
	at org.junit.runners.model.FrameworkMethod.invokeExplosively(FrameworkMethod.java:44)
	at org.junit.internal.runners.statements.InvokeMethod.evaluate(InvokeMethod.java:17)
	at org.junit.internal.runners.statements.RunBefores.evaluate(RunBefores.java:26)
	at org.junit.runners.ParentRunner.runLeaf(ParentRunner.java:271)
	at org.junit.runners.BlockJUnit4ClassRunner.runChild(BlockJUnit4ClassRunner.java:70)
	at org.junit.runners.BlockJUnit4ClassRunner.runChild(BlockJUnit4ClassRunner.java:50)
	at org.junit.runners.ParentRunner$3.run(ParentRunner.java:238)
	at org.junit.runners.ParentRunner$1.schedule(ParentRunner.java:63)
	at org.junit.runners.ParentRunner.runChildren(ParentRunner.java:236)
	at org.junit.runners.ParentRunner.access$000(ParentRunner.java:53)
	at org.junit.runners.ParentRunner$2.evaluate(ParentRunner.java:229)
	at org.junit.runners.ParentRunner.run(ParentRunner.java:309)
	at junit.framework.JUnit4TestAdapter.run(JUnit4TestAdapter.java:38)
	at org.apache.tools.ant.taskdefs.optional.junit.JUnitTestRunner.run(JUnitTestRunner.java:520)
	at org.apache.tools.ant.taskdefs.optional.junit.JUnitTestRunner.launch(JUnitTestRunner.java:1060)
	at org.apache.tools.ant.taskdefs.optional.junit.JUnitTestRunner.main(JUnitTestRunner.java:911)
]]></system-err>
</testsuite>
